<?xml version="1.0" encoding="UTF-8"?>
<!-- Generated by org.testng.reporters.JUnitReportReporter -->
<testsuite ignored="0" hostname="Anirudhs-MacBook-Pro.local" failures="0" tests="1" name="org.tesing.testscripts.TC1_PostRequest" time="1.146" errors="0" timestamp="18 Nov 2021 19:13:12 GMT" skipped="0">
  <testcase classname="org.tesing.testscripts.TC1_PostRequest" name="firstTC" time="1.146"/>
</testsuite> <!-- org.tesing.testscripts.TC1_PostRequest -->
